# JRE version: OpenJDK Runtime Environment (8.0_152-b01) (build 1.8.0_152-release-915-b01)
# Java VM: OpenJDK 64-Bit Server VM (25.152-b01 mixed mode windows-amd64 compressed oops)
Heap:
 PSYoungGen      total 219136K, used 119004K [0x00000000e0000000, 0x00000000f4f00000, 0x0000000100000000)
  eden space 205824K, 51% used [0x00000000e0000000,0x00000000e673e048,0x00000000ec900000)
  from space 13312K, 99% used [0x00000000ec900000,0x00000000ed5f9110,0x00000000ed600000)
  to   space 17920K, 0% used [0x00000000f3d80000,0x00000000f3d80000,0x00000000f4f00000)
 ParOldGen       total 136192K, used 22943K [0x00000000a0000000, 0x00000000a8500000, 0x00000000e0000000)
  object space 136192K, 16% used [0x00000000a0000000,0x00000000a1667dd8,0x00000000a8500000)
 Metaspace       used 54092K, capacity 56170K, committed 56408K, reserved 1097728K
  class space    used 7418K, capacity 7951K, committed 8064K, reserved 1048576K
GC Heap History (10 events):
Event: 20.844 GC heap before
{Heap before GC invocations=5 (full 1):
 PSYoungGen      total 75776K, used 65024K [0x00000000e0000000, 0x00000000e9400000, 0x0000000100000000)
  eden space 65024K, 100% used [0x00000000e0000000,0x00000000e3f80000,0x00000000e3f80000)
  from space 10752K, 0% used [0x00000000e3f80000,0x00000000e3f80000,0x00000000e4a00000)
  to   space 10752K, 0% used [0x00000000e8980000,0x00000000e8980000,0x00000000e9400000)
 ParOldGen       total 89600K, used 7467K [0x00000000a0000000, 0x00000000a5780000, 0x00000000e0000000)
  object space 89600K, 8% used [0x00000000a0000000,0x00000000a074aeb8,0x00000000a5780000)
 Metaspace       used 25972K, capacity 26470K, committed 26752K, reserved 1073152K
  class space    used 3525K, capacity 3682K, committed 3712K, reserved 1048576K
Event: 20.934 GC heap after
Heap after GC invocations=5 (full 1):
 PSYoungGen      total 123392K, used 6513K [0x00000000e0000000, 0x00000000e9000000, 0x0000000100000000)
  eden space 116736K, 0% used [0x00000000e0000000,0x00000000e0000000,0x00000000e7200000)
  from space 6656K, 97% used [0x00000000e8980000,0x00000000e8fdc630,0x00000000e9000000)
  to   space 10752K, 0% used [0x00000000e7b00000,0x00000000e7b00000,0x00000000e8580000)
 ParOldGen       total 89600K, used 7475K [0x00000000a0000000, 0x00000000a5780000, 0x00000000e0000000)
  object space 89600K, 8% used [0x00000000a0000000,0x00000000a074ceb8,0x00000000a5780000)
 Metaspace       used 25972K, capacity 26470K, committed 26752K, reserved 1073152K
  class space    used 3525K, capacity 3682K, committed 3712K, reserved 1048576K
}
Event: 24.695 GC heap before
{Heap before GC invocations=6 (full 1):
 PSYoungGen      total 123392K, used 123249K [0x00000000e0000000, 0x00000000e9000000, 0x0000000100000000)
  eden space 116736K, 100% used [0x00000000e0000000,0x00000000e7200000,0x00000000e7200000)
  from space 6656K, 97% used [0x00000000e8980000,0x00000000e8fdc630,0x00000000e9000000)
  to   space 10752K, 0% used [0x00000000e7b00000,0x00000000e7b00000,0x00000000e8580000)
 ParOldGen       total 89600K, used 7475K [0x00000000a0000000, 0x00000000a5780000, 0x00000000e0000000)
  object space 89600K, 8% used [0x00000000a0000000,0x00000000a074ceb8,0x00000000a5780000)
 Metaspace       used 31809K, capacity 32482K, committed 32640K, reserved 1077248K
  class space    used 4332K, capacity 4619K, committed 4736K, reserved 1048576K
Event: 24.717 GC heap after
Heap after GC invocations=6 (full 1):
 PSYoungGen      total 136704K, used 10558K [0x00000000e0000000, 0x00000000ee300000, 0x0000000100000000)
  eden space 125952K, 0% used [0x00000000e0000000,0x00000000e0000000,0x00000000e7b00000)
  from space 10752K, 98% used [0x00000000e7b00000,0x00000000e854fbd0,0x00000000e8580000)
  to   space 13312K, 0% used [0x00000000ed600000,0x00000000ed600000,0x00000000ee300000)
 ParOldGen       total 89600K, used 7555K [0x00000000a0000000, 0x00000000a5780000, 0x00000000e0000000)
  object space 89600K, 8% used [0x00000000a0000000,0x00000000a0760ec8,0x00000000a5780000)
 Metaspace       used 31809K, capacity 32482K, committed 32640K, reserved 1077248K
  class space    used 4332K, capacity 4619K, committed 4736K, reserved 1048576K
}
Event: 25.353 GC heap before
{Heap before GC invocations=7 (full 1):
 PSYoungGen      total 136704K, used 33879K [0x00000000e0000000, 0x00000000ee300000, 0x0000000100000000)
  eden space 125952K, 18% used [0x00000000e0000000,0x00000000e16c61b8,0x00000000e7b00000)
  from space 10752K, 98% used [0x00000000e7b00000,0x00000000e854fbd0,0x00000000e8580000)
  to   space 13312K, 0% used [0x00000000ed600000,0x00000000ed600000,0x00000000ee300000)
 ParOldGen       total 89600K, used 7555K [0x00000000a0000000, 0x00000000a5780000, 0x00000000e0000000)
  object space 89600K, 8% used [0x00000000a0000000,0x00000000a0760ec8,0x00000000a5780000)
 Metaspace       used 34459K, capacity 35258K, committed 35416K, reserved 1079296K
  class space    used 4689K, capacity 4975K, committed 4992K, reserved 1048576K
Event: 25.394 GC heap after
Heap after GC invocations=7 (full 1):
 PSYoungGen      total 219136K, used 10139K [0x00000000e0000000, 0x00000000efe80000, 0x0000000100000000)
  eden space 205824K, 0% used [0x00000000e0000000,0x00000000e0000000,0x00000000ec900000)
  from space 13312K, 76% used [0x00000000ed600000,0x00000000edfe6ec0,0x00000000ee300000)
  to   space 13312K, 0% used [0x00000000ec900000,0x00000000ec900000,0x00000000ed600000)
 ParOldGen       total 89600K, used 7563K [0x00000000a0000000, 0x00000000a5780000, 0x00000000e0000000)
  object space 89600K, 8% used [0x00000000a0000000,0x00000000a0762ec8,0x00000000a5780000)
 Metaspace       used 34459K, capacity 35258K, committed 35416K, reserved 1079296K
  class space    used 4689K, capacity 4975K, committed 4992K, reserved 1048576K
}
Event: 25.394 GC heap before
{Heap before GC invocations=8 (full 2):
 PSYoungGen      total 219136K, used 10139K [0x00000000e0000000, 0x00000000efe80000, 0x0000000100000000)
  eden space 205824K, 0% used [0x00000000e0000000,0x00000000e0000000,0x00000000ec900000)
  from space 13312K, 76% used [0x00000000ed600000,0x00000000edfe6ec0,0x00000000ee300000)
  to   space 13312K, 0% used [0x00000000ec900000,0x00000000ec900000,0x00000000ed600000)
 ParOldGen       total 89600K, used 7563K [0x00000000a0000000, 0x00000000a5780000, 0x00000000e0000000)
  object space 89600K, 8% used [0x00000000a0000000,0x00000000a0762ec8,0x00000000a5780000)
 Metaspace       used 34459K, capacity 35258K, committed 35416K, reserved 1079296K
  class space    used 4689K, capacity 4975K, committed 4992K, reserved 1048576K
Event: 25.712 GC heap after
Heap after GC invocations=8 (full 2):
 PSYoungGen      total 219136K, used 0K [0x00000000e0000000, 0x00000000efe80000, 0x0000000100000000)
  eden space 205824K, 0% used [0x00000000e0000000,0x00000000e0000000,0x00000000ec900000)
  from space 13312K, 0% used [0x00000000ed600000,0x00000000ed600000,0x00000000ee300000)
  to   space 13312K, 0% used [0x00000000ec900000,0x00000000ec900000,0x00000000ed600000)
 ParOldGen       total 136192K, used 16612K [0x00000000a0000000, 0x00000000a8500000, 0x00000000e0000000)
  object space 136192K, 12% used [0x00000000a0000000,0x00000000a1039178,0x00000000a8500000)
 Metaspace       used 34459K, capacity 35258K, committed 35416K, reserved 1079296K
  class space    used 4689K, capacity 4975K, committed 4992K, reserved 1048576K
}
Event: 31.668 GC heap before
{Heap before GC invocations=9 (full 2):
 PSYoungGen      total 219136K, used 205824K [0x00000000e0000000, 0x00000000efe80000, 0x0000000100000000)
  eden space 205824K, 100% used [0x00000000e0000000,0x00000000ec900000,0x00000000ec900000)
  from space 13312K, 0% used [0x00000000ed600000,0x00000000ed600000,0x00000000ee300000)
  to   space 13312K, 0% used [0x00000000ec900000,0x00000000ec900000,0x00000000ed600000)
 ParOldGen       total 136192K, used 16612K [0x00000000a0000000, 0x00000000a8500000, 0x00000000e0000000)
  object space 136192K, 12% used [0x00000000a0000000,0x00000000a1039178,0x00000000a8500000)
 Metaspace       used 50110K, capacity 51652K, committed 51800K, reserved 1093632K
  class space    used 6756K, capacity 7242K, committed 7296K, reserved 1048576K
Event: 31.713 GC heap after
Heap after GC invocations=9 (full 2):
 PSYoungGen      total 219136K, used 13284K [0x00000000e0000000, 0x00000000f4f00000, 0x0000000100000000)
  eden space 205824K, 0% used [0x00000000e0000000,0x00000000e0000000,0x00000000ec900000)
  from space 13312K, 99% used [0x00000000ec900000,0x00000000ed5f9110,0x00000000ed600000)
  to   space 17920K, 0% used [0x00000000f3d80000,0x00000000f3d80000,0x00000000f4f00000)
 ParOldGen       total 136192K, used 22943K [0x00000000a0000000, 0x00000000a8500000, 0x00000000e0000000)
  object space 136192K, 16% used [0x00000000a0000000,0x00000000a1667dd8,0x00000000a8500000)
 Metaspace       used 50110K, capacity 51652K, committed 51800K, reserved 1093632K
  class space    used 6756K, capacity 7242K, committed 7296K, reserved 1048576K
}

